<?xml version="1.0" encoding="UTF-8"?>
<coverage generated="1772389951200" clover="3.2.0">
  <project timestamp="1772389951200" name="All files">
    <metrics statements="36" coveredstatements="0" conditionals="20" coveredconditionals="0" methods="19" coveredmethods="0" elements="75" coveredelements="0" complexity="0" loc="36" ncloc="36" packages="1" files="7" classes="7"/>
    <file name="base_item.ts" path="/home/usuario/DSI/prct05-objects-classes-interfaces-DanielDiazMarrero/src/ejercicio-1/base_item.ts">
      <metrics statements="9" coveredstatements="0" conditionals="0" coveredconditionals="0" methods="3" coveredmethods="0"/>
      <line num="5" count="0" type="stmt"/>
      <line num="6" count="0" type="stmt"/>
      <line num="7" count="0" type="stmt"/>
      <line num="8" count="0" type="stmt"/>
      <line num="9" count="0" type="stmt"/>
      <line num="10" count="0" type="stmt"/>
      <line num="11" count="0" type="stmt"/>
      <line num="19" count="0" type="stmt"/>
      <line num="35" count="0" type="stmt"/>
    </file>
    <file name="bibliographic_item.ts" path="/home/usuario/DSI/prct05-objects-classes-interfaces-DanielDiazMarrero/src/ejercicio-1/bibliographic_item.ts">
      <metrics statements="0" coveredstatements="0" conditionals="0" coveredconditionals="0" methods="0" coveredmethods="0"/>
    </file>
    <file name="bibliography_manager.ts" path="/home/usuario/DSI/prct05-objects-classes-interfaces-DanielDiazMarrero/src/ejercicio-1/bibliography_manager.ts">
      <metrics statements="17" coveredstatements="0" conditionals="20" coveredconditionals="0" methods="10" coveredmethods="0"/>
      <line num="5" count="0" type="stmt"/>
      <line num="8" count="0" type="stmt"/>
      <line num="12" count="0" type="stmt"/>
      <line num="23" count="0" type="stmt"/>
      <line num="25" count="0" type="cond" truecount="0" falsecount="4"/>
      <line num="26" count="0" type="stmt"/>
      <line num="28" count="0" type="cond" truecount="0" falsecount="4"/>
      <line num="29" count="0" type="stmt"/>
      <line num="31" count="0" type="cond" truecount="0" falsecount="4"/>
      <line num="32" count="0" type="stmt"/>
      <line num="34" count="0" type="cond" truecount="0" falsecount="4"/>
      <line num="35" count="0" type="stmt"/>
      <line num="37" count="0" type="cond" truecount="0" falsecount="4"/>
      <line num="38" count="0" type="stmt"/>
      <line num="40" count="0" type="stmt"/>
      <line num="45" count="0" type="stmt"/>
      <line num="49" count="0" type="stmt"/>
    </file>
    <file name="book_chapter.ts" path="/home/usuario/DSI/prct05-objects-classes-interfaces-DanielDiazMarrero/src/ejercicio-1/book_chapter.ts">
      <metrics statements="3" coveredstatements="0" conditionals="0" coveredconditionals="0" methods="2" coveredmethods="0"/>
      <line num="13" count="0" type="stmt"/>
      <line num="15" count="0" type="stmt"/>
      <line num="19" count="0" type="stmt"/>
    </file>
    <file name="index.ts" path="/home/usuario/DSI/prct05-objects-classes-interfaces-DanielDiazMarrero/src/ejercicio-1/index.ts">
      <metrics statements="0" coveredstatements="0" conditionals="0" coveredconditionals="0" methods="0" coveredmethods="0"/>
    </file>
    <file name="journal_article.ts" path="/home/usuario/DSI/prct05-objects-classes-interfaces-DanielDiazMarrero/src/ejercicio-1/journal_article.ts">
      <metrics statements="4" coveredstatements="0" conditionals="0" coveredconditionals="0" methods="2" coveredmethods="0"/>
      <line num="12" count="0" type="stmt"/>
      <line num="13" count="0" type="stmt"/>
      <line num="15" count="0" type="stmt"/>
      <line num="19" count="0" type="stmt"/>
    </file>
    <file name="thesis.ts" path="/home/usuario/DSI/prct05-objects-classes-interfaces-DanielDiazMarrero/src/ejercicio-1/thesis.ts">
      <metrics statements="3" coveredstatements="0" conditionals="0" coveredconditionals="0" methods="2" coveredmethods="0"/>
      <line num="13" count="0" type="stmt"/>
      <line num="15" count="0" type="stmt"/>
      <line num="19" count="0" type="stmt"/>
    </file>
  </project>
</coverage>
