{"/home/usuario/DSI/prct05-objects-classes-interfaces-DanielDiazMarrero/src/ejercicio-1/base_item.ts": {"path":"/home/usuario/DSI/prct05-objects-classes-interfaces-DanielDiazMarrero/src/ejercicio-1/base_item.ts","statementMap":{"0":{"start":{"line":5,"column":13},"end":{"line":5,"column":null}},"1":{"start":{"line":6,"column":13},"end":{"line":6,"column":null}},"2":{"start":{"line":7,"column":13},"end":{"line":7,"column":null}},"3":{"start":{"line":8,"column":13},"end":{"line":8,"column":null}},"4":{"start":{"line":9,"column":13},"end":{"line":9,"column":null}},"5":{"start":{"line":10,"column":13},"end":{"line":10,"column":null}},"6":{"start":{"line":11,"column":13},"end":{"line":11,"column":null}},"7":{"start":{"line":19,"column":6},"end":{"line":19,"column":null}},"8":{"start":{"line":35,"column":6},"end":{"line":41,"column":null}}},"fnMap":{"0":{"name":"(anonymous_0)","decl":{"start":{"line":4,"column":4},"end":{"line":4,"column":null}},"loc":{"start":{"line":12,"column":6},"end":{"line":12,"column":null}},"line":12},"1":{"name":"(anonymous_1)","decl":{"start":{"line":18,"column":14},"end":{"line":18,"column":42}},"loc":{"start":{"line":18,"column":42},"end":{"line":20,"column":null}},"line":18},"2":{"name":"(anonymous_2)","decl":{"start":{"line":34,"column":4},"end":{"line":34,"column":25}},"loc":{"start":{"line":34,"column":25},"end":{"line":42,"column":null}},"line":34}},"branchMap":{},"s":{"0":0,"1":0,"2":0,"3":0,"4":0,"5":0,"6":0,"7":0,"8":0},"f":{"0":0,"1":0,"2":0},"b":{},"meta":{"lastBranch":0,"lastFunction":3,"lastStatement":9,"seen":{"f:4:4:4:Infinity":0,"s:5:13:5:Infinity":0,"s:6:13:6:Infinity":1,"s:7:13:7:Infinity":2,"s:8:13:8:Infinity":3,"s:9:13:9:Infinity":4,"s:10:13:10:Infinity":5,"s:11:13:11:Infinity":6,"f:18:14:18:42":1,"s:19:6:19:Infinity":7,"f:34:4:34:25":2,"s:35:6:41:Infinity":8}}}
}
