{"/home/usuario/DSI/prct05-objects-classes-interfaces-DanielDiazMarrero/src/ejercicio-1/base_item.ts": {"path":"/home/usuario/DSI/prct05-objects-classes-interfaces-DanielDiazMarrero/src/ejercicio-1/base_item.ts","statementMap":{"0":{"start":{"line":5,"column":13},"end":{"line":5,"column":null}},"1":{"start":{"line":6,"column":13},"end":{"line":6,"column":null}},"2":{"start":{"line":7,"column":13},"end":{"line":7,"column":null}},"3":{"start":{"line":8,"column":13},"end":{"line":8,"column":null}},"4":{"start":{"line":9,"column":13},"end":{"line":9,"column":null}},"5":{"start":{"line":10,"column":13},"end":{"line":10,"column":null}},"6":{"start":{"line":11,"column":13},"end":{"line":11,"column":null}},"7":{"start":{"line":19,"column":6},"end":{"line":19,"column":null}},"8":{"start":{"line":35,"column":6},"end":{"line":41,"column":null}}},"fnMap":{"0":{"name":"(anonymous_0)","decl":{"start":{"line":4,"column":4},"end":{"line":4,"column":null}},"loc":{"start":{"line":12,"column":6},"end":{"line":12,"column":null}},"line":12},"1":{"name":"(anonymous_1)","decl":{"start":{"line":18,"column":14},"end":{"line":18,"column":42}},"loc":{"start":{"line":18,"column":42},"end":{"line":20,"column":null}},"line":18},"2":{"name":"(anonymous_2)","decl":{"start":{"line":34,"column":4},"end":{"line":34,"column":25}},"loc":{"start":{"line":34,"column":25},"end":{"line":42,"column":null}},"line":34}},"branchMap":{},"s":{"0":0,"1":0,"2":0,"3":0,"4":0,"5":0,"6":0,"7":0,"8":0},"f":{"0":0,"1":0,"2":0},"b":{},"meta":{"lastBranch":0,"lastFunction":3,"lastStatement":9,"seen":{"f:4:4:4:Infinity":0,"s:5:13:5:Infinity":0,"s:6:13:6:Infinity":1,"s:7:13:7:Infinity":2,"s:8:13:8:Infinity":3,"s:9:13:9:Infinity":4,"s:10:13:10:Infinity":5,"s:11:13:11:Infinity":6,"f:18:14:18:42":1,"s:19:6:19:Infinity":7,"f:34:4:34:25":2,"s:35:6:41:Infinity":8}}}
,"/home/usuario/DSI/prct05-objects-classes-interfaces-DanielDiazMarrero/src/ejercicio-1/bibliographic_item.ts": {"path":"/home/usuario/DSI/prct05-objects-classes-interfaces-DanielDiazMarrero/src/ejercicio-1/bibliographic_item.ts","statementMap":{},"fnMap":{},"branchMap":{},"s":{},"f":{},"b":{},"meta":{"lastBranch":0,"lastFunction":0,"lastStatement":0,"seen":{}}}
,"/home/usuario/DSI/prct05-objects-classes-interfaces-DanielDiazMarrero/src/ejercicio-1/bibliography_manager.ts": {"path":"/home/usuario/DSI/prct05-objects-classes-interfaces-DanielDiazMarrero/src/ejercicio-1/bibliography_manager.ts","statementMap":{"0":{"start":{"line":5,"column":30},"end":{"line":5,"column":null}},"1":{"start":{"line":8,"column":4},"end":{"line":8,"column":null}},"2":{"start":{"line":12,"column":4},"end":{"line":12,"column":null}},"3":{"start":{"line":12,"column":41},"end":{"line":12,"column":58}},"4":{"start":{"line":23,"column":4},"end":{"line":41,"column":null}},"5":{"start":{"line":25,"column":6},"end":{"line":26,"column":null}},"6":{"start":{"line":26,"column":8},"end":{"line":26,"column":null}},"7":{"start":{"line":28,"column":6},"end":{"line":29,"column":null}},"8":{"start":{"line":29,"column":8},"end":{"line":29,"column":null}},"9":{"start":{"line":31,"column":6},"end":{"line":32,"column":null}},"10":{"start":{"line":31,"column":52},"end":{"line":31,"column":86}},"11":{"start":{"line":32,"column":8},"end":{"line":32,"column":null}},"12":{"start":{"line":34,"column":6},"end":{"line":35,"column":null}},"13":{"start":{"line":35,"column":8},"end":{"line":35,"column":null}},"14":{"start":{"line":37,"column":6},"end":{"line":38,"column":null}},"15":{"start":{"line":38,"column":8},"end":{"line":38,"column":null}},"16":{"start":{"line":40,"column":6},"end":{"line":40,"column":null}},"17":{"start":{"line":45,"column":4},"end":{"line":45,"column":null}},"18":{"start":{"line":45,"column":35},"end":{"line":45,"column":49}},"19":{"start":{"line":49,"column":4},"end":{"line":49,"column":null}},"20":{"start":{"line":49,"column":28},"end":{"line":49,"column":48}}},"fnMap":{"0":{"name":"(anonymous_0)","decl":{"start":{"line":7,"column":2},"end":{"line":7,"column":10}},"loc":{"start":{"line":7,"column":32},"end":{"line":9,"column":null}},"line":7},"1":{"name":"(anonymous_1)","decl":{"start":{"line":11,"column":2},"end":{"line":11,"column":18}},"loc":{"start":{"line":11,"column":18},"end":{"line":13,"column":null}},"line":11},"2":{"name":"(anonymous_2)","decl":{"start":{"line":12,"column":33},"end":{"line":12,"column":41}},"loc":{"start":{"line":12,"column":41},"end":{"line":12,"column":58}},"line":12},"3":{"name":"(anonymous_3)","decl":{"start":{"line":15,"column":2},"end":{"line":15,"column":9}},"loc":{"start":{"line":21,"column":17},"end":{"line":42,"column":null}},"line":21},"4":{"name":"(anonymous_4)","decl":{"start":{"line":23,"column":29},"end":{"line":23,"column":37}},"loc":{"start":{"line":23,"column":37},"end":{"line":41,"column":5}},"line":23},"5":{"name":"(anonymous_5)","decl":{"start":{"line":31,"column":47},"end":{"line":31,"column":52}},"loc":{"start":{"line":31,"column":52},"end":{"line":31,"column":86}},"line":31},"6":{"name":"(anonymous_6)","decl":{"start":{"line":44,"column":2},"end":{"line":44,"column":20}},"loc":{"start":{"line":44,"column":47},"end":{"line":46,"column":null}},"line":44},"7":{"name":"(anonymous_7)","decl":{"start":{"line":45,"column":30},"end":{"line":45,"column":35}},"loc":{"start":{"line":45,"column":35},"end":{"line":45,"column":49}},"line":45},"8":{"name":"(anonymous_8)","decl":{"start":{"line":48,"column":2},"end":{"line":48,"column":13}},"loc":{"start":{"line":48,"column":44},"end":{"line":50,"column":null}},"line":48},"9":{"name":"(anonymous_9)","decl":{"start":{"line":49,"column":23},"end":{"line":49,"column":28}},"loc":{"start":{"line":49,"column":28},"end":{"line":49,"column":48}},"line":49}},"branchMap":{"0":{"loc":{"start":{"line":25,"column":6},"end":{"line":26,"column":null}},"type":"if","locations":[{"start":{"line":25,"column":6},"end":{"line":26,"column":null}},{"start":{},"end":{}}],"line":25},"1":{"loc":{"start":{"line":25,"column":10},"end":{"line":25,"column":null}},"type":"binary-expr","locations":[{"start":{"line":25,"column":10},"end":{"line":25,"column":29}},{"start":{"line":25,"column":29},"end":{"line":25,"column":null}}],"line":25},"2":{"loc":{"start":{"line":28,"column":6},"end":{"line":29,"column":null}},"type":"if","locations":[{"start":{"line":28,"column":6},"end":{"line":29,"column":null}},{"start":{},"end":{}}],"line":28},"3":{"loc":{"start":{"line":28,"column":10},"end":{"line":28,"column":null}},"type":"binary-expr","locations":[{"start":{"line":28,"column":10},"end":{"line":28,"column":27}},{"start":{"line":28,"column":27},"end":{"line":28,"column":null}}],"line":28},"4":{"loc":{"start":{"line":31,"column":6},"end":{"line":32,"column":null}},"type":"if","locations":[{"start":{"line":31,"column":6},"end":{"line":32,"column":null}},{"start":{},"end":{}}],"line":31},"5":{"loc":{"start":{"line":31,"column":10},"end":{"line":31,"column":null}},"type":"binary-expr","locations":[{"start":{"line":31,"column":10},"end":{"line":31,"column":28}},{"start":{"line":31,"column":28},"end":{"line":31,"column":null}}],"line":31},"6":{"loc":{"start":{"line":34,"column":6},"end":{"line":35,"column":null}},"type":"if","locations":[{"start":{"line":34,"column":6},"end":{"line":35,"column":null}},{"start":{},"end":{}}],"line":34},"7":{"loc":{"start":{"line":34,"column":10},"end":{"line":34,"column":null}},"type":"binary-expr","locations":[{"start":{"line":34,"column":10},"end":{"line":34,"column":26}},{"start":{"line":34,"column":26},"end":{"line":34,"column":null}}],"line":34},"8":{"loc":{"start":{"line":37,"column":6},"end":{"line":38,"column":null}},"type":"if","locations":[{"start":{"line":37,"column":6},"end":{"line":38,"column":null}},{"start":{},"end":{}}],"line":37},"9":{"loc":{"start":{"line":37,"column":10},"end":{"line":37,"column":null}},"type":"binary-expr","locations":[{"start":{"line":37,"column":10},"end":{"line":37,"column":31}},{"start":{"line":37,"column":31},"end":{"line":37,"column":null}}],"line":37}},"s":{"0":0,"1":0,"2":0,"3":0,"4":0,"5":0,"6":0,"7":0,"8":0,"9":0,"10":0,"11":0,"12":0,"13":0,"14":0,"15":0,"16":0,"17":0,"18":0,"19":0,"20":0},"f":{"0":0,"1":0,"2":0,"3":0,"4":0,"5":0,"6":0,"7":0,"8":0,"9":0},"b":{"0":[0,0],"1":[0,0],"2":[0,0],"3":[0,0],"4":[0,0],"5":[0,0],"6":[0,0],"7":[0,0],"8":[0,0],"9":[0,0]},"meta":{"lastBranch":10,"lastFunction":10,"lastStatement":21,"seen":{"s:5:30:5:Infinity":0,"f:7:2:7:10":0,"s:8:4:8:Infinity":1,"f:11:2:11:18":1,"s:12:4:12:Infinity":2,"f:12:33:12:41":2,"s:12:41:12:58":3,"f:15:2:15:9":3,"s:23:4:41:Infinity":4,"f:23:29:23:37":4,"b:25:6:26:Infinity:undefined:undefined:undefined:undefined":0,"s:25:6:26:Infinity":5,"b:25:10:25:29:25:29:25:Infinity":1,"s:26:8:26:Infinity":6,"b:28:6:29:Infinity:undefined:undefined:undefined:undefined":2,"s:28:6:29:Infinity":7,"b:28:10:28:27:28:27:28:Infinity":3,"s:29:8:29:Infinity":8,"b:31:6:32:Infinity:undefined:undefined:undefined:undefined":4,"s:31:6:32:Infinity":9,"b:31:10:31:28:31:28:31:Infinity":5,"f:31:47:31:52":5,"s:31:52:31:86":10,"s:32:8:32:Infinity":11,"b:34:6:35:Infinity:undefined:undefined:undefined:undefined":6,"s:34:6:35:Infinity":12,"b:34:10:34:26:34:26:34:Infinity":7,"s:35:8:35:Infinity":13,"b:37:6:38:Infinity:undefined:undefined:undefined:undefined":8,"s:37:6:38:Infinity":14,"b:37:10:37:31:37:31:37:Infinity":9,"s:38:8:38:Infinity":15,"s:40:6:40:Infinity":16,"f:44:2:44:20":6,"s:45:4:45:Infinity":17,"f:45:30:45:35":7,"s:45:35:45:49":18,"f:48:2:48:13":8,"s:49:4:49:Infinity":19,"f:49:23:49:28":9,"s:49:28:49:48":20}}}
,"/home/usuario/DSI/prct05-objects-classes-interfaces-DanielDiazMarrero/src/ejercicio-1/book_chapter.ts": {"path":"/home/usuario/DSI/prct05-objects-classes-interfaces-DanielDiazMarrero/src/ejercicio-1/book_chapter.ts","statementMap":{"0":{"start":{"line":15,"column":4},"end":{"line":15,"column":null}},"1":{"start":{"line":13,"column":11},"end":{"line":13,"column":null}},"2":{"start":{"line":19,"column":4},"end":{"line":19,"column":null}}},"fnMap":{"0":{"name":"(anonymous_0)","decl":{"start":{"line":5,"column":2},"end":{"line":5,"column":null}},"loc":{"start":{"line":14,"column":4},"end":{"line":16,"column":null}},"line":14},"1":{"name":"(anonymous_1)","decl":{"start":{"line":18,"column":2},"end":{"line":18,"column":29}},"loc":{"start":{"line":18,"column":29},"end":{"line":20,"column":null}},"line":18}},"branchMap":{},"s":{"0":0,"1":0,"2":0},"f":{"0":0,"1":0},"b":{},"meta":{"lastBranch":0,"lastFunction":2,"lastStatement":3,"seen":{"f:5:2:5:Infinity":0,"s:15:4:15:Infinity":0,"s:13:11:13:Infinity":1,"f:18:2:18:29":1,"s:19:4:19:Infinity":2}}}
,"/home/usuario/DSI/prct05-objects-classes-interfaces-DanielDiazMarrero/src/ejercicio-1/index.ts": {"path":"/home/usuario/DSI/prct05-objects-classes-interfaces-DanielDiazMarrero/src/ejercicio-1/index.ts","statementMap":{},"fnMap":{},"branchMap":{},"s":{},"f":{},"b":{},"meta":{"lastBranch":0,"lastFunction":0,"lastStatement":0,"seen":{}}}
,"/home/usuario/DSI/prct05-objects-classes-interfaces-DanielDiazMarrero/src/ejercicio-1/journal_article.ts": {"path":"/home/usuario/DSI/prct05-objects-classes-interfaces-DanielDiazMarrero/src/ejercicio-1/journal_article.ts","statementMap":{"0":{"start":{"line":15,"column":4},"end":{"line":15,"column":null}},"1":{"start":{"line":12,"column":11},"end":{"line":12,"column":null}},"2":{"start":{"line":13,"column":11},"end":{"line":13,"column":null}},"3":{"start":{"line":19,"column":4},"end":{"line":19,"column":null}}},"fnMap":{"0":{"name":"(anonymous_0)","decl":{"start":{"line":4,"column":2},"end":{"line":4,"column":null}},"loc":{"start":{"line":14,"column":4},"end":{"line":16,"column":null}},"line":14},"1":{"name":"(anonymous_1)","decl":{"start":{"line":18,"column":2},"end":{"line":18,"column":29}},"loc":{"start":{"line":18,"column":29},"end":{"line":20,"column":null}},"line":18}},"branchMap":{},"s":{"0":0,"1":0,"2":0,"3":0},"f":{"0":0,"1":0},"b":{},"meta":{"lastBranch":0,"lastFunction":2,"lastStatement":4,"seen":{"f:4:2:4:Infinity":0,"s:15:4:15:Infinity":0,"s:12:11:12:Infinity":1,"s:13:11:13:Infinity":2,"f:18:2:18:29":1,"s:19:4:19:Infinity":3}}}
,"/home/usuario/DSI/prct05-objects-classes-interfaces-DanielDiazMarrero/src/ejercicio-1/thesis.ts": {"path":"/home/usuario/DSI/prct05-objects-classes-interfaces-DanielDiazMarrero/src/ejercicio-1/thesis.ts","statementMap":{"0":{"start":{"line":15,"column":4},"end":{"line":15,"column":null}},"1":{"start":{"line":13,"column":11},"end":{"line":13,"column":null}},"2":{"start":{"line":19,"column":4},"end":{"line":19,"column":null}}},"fnMap":{"0":{"name":"(anonymous_0)","decl":{"start":{"line":5,"column":2},"end":{"line":5,"column":null}},"loc":{"start":{"line":14,"column":4},"end":{"line":16,"column":null}},"line":14},"1":{"name":"(anonymous_1)","decl":{"start":{"line":18,"column":2},"end":{"line":18,"column":29}},"loc":{"start":{"line":18,"column":29},"end":{"line":20,"column":null}},"line":18}},"branchMap":{},"s":{"0":0,"1":0,"2":0},"f":{"0":0,"1":0},"b":{},"meta":{"lastBranch":0,"lastFunction":2,"lastStatement":3,"seen":{"f:5:2:5:Infinity":0,"s:15:4:15:Infinity":0,"s:13:11:13:Infinity":1,"f:18:2:18:29":1,"s:19:4:19:Infinity":2}}}
}
